<?xml version="1.0" encoding="UTF-8"?>
<!-- Generated by org.testng.reporters.JUnitReportReporter -->
<testsuite skipped="0" hostname="ISIPLMUMDT177" name="com.pls.functionalTests.demoTest" tests="1" failures="0" timestamp="25 Jun 2018 05:25:20 GMT" time="37.410" errors="0">
  <testcase name="logina" time="37.410" classname="com.pls.functionalTests.demoTest"/>
</testsuite> <!-- com.pls.functionalTests.demoTest -->
